#! /opt/homebrew/Cellar/icarus-verilog/13.0/bin/vvp
:ivl_version "13.0 (stable)" "(v13_0)";
:ivl_delay_selection "TYPICAL";
:vpi_time_precision + 0;
:vpi_module "/opt/homebrew/Cellar/icarus-verilog/13.0/lib/ivl/system.vpi";
:vpi_module "/opt/homebrew/Cellar/icarus-verilog/13.0/lib/ivl/vhdl_sys.vpi";
:vpi_module "/opt/homebrew/Cellar/icarus-verilog/13.0/lib/ivl/vhdl_textio.vpi";
:vpi_module "/opt/homebrew/Cellar/icarus-verilog/13.0/lib/ivl/v2005_math.vpi";
:vpi_module "/opt/homebrew/Cellar/icarus-verilog/13.0/lib/ivl/va_math.vpi";
S_0x101668dd0 .scope module, "ring_flasher_tb" "ring_flasher_tb" 2 1;
 .timescale 0 0;
L_0x101662e90 .functor BUFZ 4, v0x101662d50_0, C4<0000>, C4<0000>, C4<0000>;
L_0x10166e890 .functor BUFZ 2, v0x10166f190_0, C4<00>, C4<00>, C4<00>;
v0x10166f2d0_0 .var "clk", 0 0;
v0xaa9848000_0 .net "counter", 3 0, L_0x101662e90;  1 drivers
v0xaa98480a0_0 .net "leds", 15 0, v0x101662df0_0;  1 drivers
v0xaa9848140_0 .var "rep", 0 0;
v0xaa98481e0_0 .var "rst", 0 0;
v0xaa9848280_0 .net "state", 1 0, L_0x10166e890;  1 drivers
E_0xaa9000300 .event negedge, v0x101662cb0_0;
S_0x101668f50 .scope module, "uut" "ring_flasher" 2 9, 3 1 0, S_0x101668dd0;
 .timescale 0 0;
    .port_info 0 /INPUT 1 "clk";
    .port_info 1 /INPUT 1 "rst";
    .port_info 2 /INPUT 1 "rep";
    .port_info 3 /OUTPUT 16 "leds";
P_0x101662bf0 .param/l "BACKWARD" 1 3 14, C4<10>;
P_0x101662c30 .param/l "FORWARD" 1 3 13, C4<01>;
P_0x101662c70 .param/l "IDLE" 1 3 12, C4<00>;
v0x101662cb0_0 .net "clk", 0 0, v0x10166f2d0_0;  1 drivers
v0x101662d50_0 .var "counter", 3 0;
v0x101662df0_0 .var "leds", 15 0;
v0x10166f050_0 .net "rep", 0 0, v0xaa9848140_0;  1 drivers
v0x10166f0f0_0 .net "rst", 0 0, v0xaa98481e0_0;  1 drivers
v0x10166f190_0 .var "state", 1 0;
v0x10166f230_0 .var "temp", 0 0;
E_0xaa9000340/0 .event negedge, v0x10166f0f0_0;
E_0xaa9000340/1 .event posedge, v0x101662cb0_0;
E_0xaa9000340 .event/or E_0xaa9000340/0, E_0xaa9000340/1;
    .scope S_0x101668f50;
T_0 ;
    %wait E_0xaa9000340;
    %load/vec4 v0x10166f0f0_0;
    %nor/r;
    %flag_set/vec4 8;
    %jmp/0xz  T_0.0, 8;
    %pushi/vec4 0, 0, 16;
    %assign/vec4 v0x101662df0_0, 0;
    %pushi/vec4 0, 0, 4;
    %assign/vec4 v0x101662d50_0, 0;
    %pushi/vec4 1, 0, 2;
    %assign/vec4 v0x10166f190_0, 0;
    %jmp T_0.1;
T_0.0 ;
    %load/vec4 v0x10166f190_0;
    %dup/vec4;
    %pushi/vec4 1, 0, 2;
    %cmp/u;
    %jmp/1 T_0.2, 6;
    %dup/vec4;
    %pushi/vec4 2, 0, 2;
    %cmp/u;
    %jmp/1 T_0.3, 6;
    %dup/vec4;
    %pushi/vec4 0, 0, 2;
    %cmp/u;
    %jmp/1 T_0.4, 6;
    %jmp T_0.5;
T_0.2 ;
    %load/vec4 v0x101662df0_0;
    %parti/s 1, 15, 5;
    %pushi/vec4 1, 0, 1;
    %xor;
    %store/vec4 v0x10166f230_0, 0, 1;
    %load/vec4 v0x101662df0_0;
    %parti/s 15, 0, 2;
    %load/vec4 v0x10166f230_0;
    %concat/vec4; draw_concat_vec4
    %assign/vec4 v0x101662df0_0, 0;
    %load/vec4 v0x101662d50_0;
    %addi 1, 0, 4;
    %assign/vec4 v0x101662d50_0, 0;
    %load/vec4 v0x101662d50_0;
    %cmpi/e 7, 0, 4;
    %jmp/0xz  T_0.6, 4;
    %pushi/vec4 0, 0, 4;
    %assign/vec4 v0x101662d50_0, 0;
    %pushi/vec4 2, 0, 2;
    %assign/vec4 v0x10166f190_0, 0;
T_0.6 ;
    %jmp T_0.5;
T_0.3 ;
    %load/vec4 v0x101662df0_0;
    %parti/s 1, 0, 2;
    %pushi/vec4 1, 0, 1;
    %xor;
    %store/vec4 v0x10166f230_0, 0, 1;
    %load/vec4 v0x10166f230_0;
    %load/vec4 v0x101662df0_0;
    %parti/s 15, 1, 2;
    %concat/vec4; draw_concat_vec4
    %assign/vec4 v0x101662df0_0, 0;
    %load/vec4 v0x101662d50_0;
    %addi 1, 0, 4;
    %assign/vec4 v0x101662d50_0, 0;
    %load/vec4 v0x101662df0_0;
    %cmpi/e 0, 0, 16;
    %jmp/0xz  T_0.8, 4;
    %pushi/vec4 0, 0, 2;
    %assign/vec4 v0x10166f190_0, 0;
    %jmp T_0.9;
T_0.8 ;
    %load/vec4 v0x101662d50_0;
    %cmpi/e 3, 0, 4;
    %jmp/0xz  T_0.10, 4;
    %pushi/vec4 0, 0, 4;
    %assign/vec4 v0x101662d50_0, 0;
    %pushi/vec4 1, 0, 2;
    %assign/vec4 v0x10166f190_0, 0;
T_0.10 ;
T_0.9 ;
    %jmp T_0.5;
T_0.4 ;
    %pushi/vec4 0, 0, 16;
    %assign/vec4 v0x101662df0_0, 0;
    %load/vec4 v0x10166f050_0;
    %flag_set/vec4 8;
    %jmp/0xz  T_0.12, 8;
    %pushi/vec4 0, 0, 4;
    %assign/vec4 v0x101662d50_0, 0;
    %pushi/vec4 1, 0, 2;
    %assign/vec4 v0x10166f190_0, 0;
T_0.12 ;
    %jmp T_0.5;
T_0.5 ;
    %pop/vec4 1;
T_0.1 ;
    %jmp T_0;
    .thread T_0;
    .scope S_0x101668dd0;
T_1 ;
    %pushi/vec4 0, 0, 1;
    %store/vec4 v0x10166f2d0_0, 0, 1;
    %end;
    .thread T_1;
    .scope S_0x101668dd0;
T_2 ;
    %delay 5, 0;
    %load/vec4 v0x10166f2d0_0;
    %inv;
    %store/vec4 v0x10166f2d0_0, 0, 1;
    %jmp T_2;
    .thread T_2;
    .scope S_0x101668dd0;
T_3 ;
    %vpi_call 2 26 "$dumpfile", "ring_flasher.vcd" {0 0 0};
    %vpi_call 2 27 "$dumpvars", 32'sb00000000000000000000000000000000, S_0x101668dd0 {0 0 0};
    %pushi/vec4 1, 0, 1;
    %store/vec4 v0xaa98481e0_0, 0, 1;
    %pushi/vec4 0, 0, 1;
    %store/vec4 v0xaa9848140_0, 0, 1;
    %wait E_0xaa9000300;
    %pushi/vec4 0, 0, 1;
    %store/vec4 v0xaa98481e0_0, 0, 1;
    %delay 20, 0;
    %pushi/vec4 1, 0, 1;
    %store/vec4 v0xaa98481e0_0, 0, 1;
    %delay 500, 0;
    %wait E_0xaa9000300;
    %pushi/vec4 1, 0, 1;
    %store/vec4 v0xaa9848140_0, 0, 1;
    %delay 10, 0;
    %pushi/vec4 0, 0, 1;
    %store/vec4 v0xaa9848140_0, 0, 1;
    %delay 500, 0;
    %wait E_0xaa9000300;
    %pushi/vec4 1, 0, 1;
    %store/vec4 v0xaa9848140_0, 0, 1;
    %delay 10, 0;
    %pushi/vec4 0, 0, 1;
    %store/vec4 v0xaa9848140_0, 0, 1;
    %delay 300, 0;
    %vpi_call 2 55 "$stop" {0 0 0};
    %end;
    .thread T_3;
    .scope S_0x101668dd0;
T_4 ;
    %vpi_call 2 60 "$monitor", "Time=%0t | rst=%b rep=%b state=%b counter=%0d leds=%b", $time, v0xaa98481e0_0, v0xaa9848140_0, v0xaa9848280_0, v0xaa9848000_0, v0xaa98480a0_0 {0 0 0};
    %end;
    .thread T_4;
# The file index is used to find the file name in the following table.
:file_names 4;
    "N/A";
    "<interactive>";
    "testbench_ring_flasher.v";
    "ring_flasher.v";
